gSMinfo/build/intermediates/manifest_merge_blame_file/debug/manifest-merger-blame-debug-report.txt
1<?xml version="1.0" encoding="utf-8"?>
2<manifest xmlns:android="http://schemas.android.com/apk/res/android"
3    package="ru.konsoft.gsmtester"
4    android:versionCode="1"
5    android:versionName="1.0" >
6
7    <uses-sdk
8        android:minSdkVersion="15"
8-->src/main/AndroidManifest.xml
9        android:targetSdkVersion="27" />
9-->src/main/AndroidManifest.xml
10
11    <uses-permission android:name="android.permission.READ_PHONE_STATE" />
11-->src/main/AndroidManifest.xml:7:5-75
11-->src/main/AndroidManifest.xml:7:22-72
12    <uses-permission android:name="android.permission.ACCESS_FINE_LOCATION" />
12-->src/main/AndroidManifest.xml:8:5-79
12-->src/main/AndroidManifest.xml:8:22-76
13    <uses-permission android:name="android.permission.WRITE_EXTERNAL_STORAGE" />
13-->src/main/AndroidManifest.xml:9:2-78
13-->src/main/AndroidManifest.xml:9:19-75
14    <uses-permission android:name="android.permission.INTERNET" />
14-->src/main/AndroidManifest.xml:10:2-64
14-->src/main/AndroidManifest.xml:10:19-61
15    <uses-permission android:name="android.permission.ACCESS_NETWORK_STATE" />
15-->src/main/AndroidManifest.xml:11:2-76
15-->src/main/AndroidManifest.xml:11:19-73
16
17    <supports-screens
17-->[ru.yandex:yandexmapkit:2.5.4] AndroidManifest.xml:11:5-14:39
18        android:largeScreens="true"
18-->[ru.yandex:yandexmapkit:2.5.4] AndroidManifest.xml:12:9-36
19        android:normalScreens="true"
19-->[ru.yandex:yandexmapkit:2.5.4] AndroidManifest.xml:13:9-37
20        android:smallScreens="true" />
20-->[ru.yandex:yandexmapkit:2.5.4] AndroidManifest.xml:14:9-36
21
22    <uses-permission android:name="android.permission.ACCESS_COARSE_LOCATION" />
22-->[ru.yandex:yandexmapkit:2.5.4] AndroidManifest.xml:17:5-81
22-->[ru.yandex:yandexmapkit:2.5.4] AndroidManifest.xml:17:22-78
23    <uses-permission android:name="android.permission.ACCESS_WIFI_STATE" />
23-->[ru.yandex:yandexmapkit:2.5.4] AndroidManifest.xml:20:5-76
23-->[ru.yandex:yandexmapkit:2.5.4] AndroidManifest.xml:20:22-73
24    <uses-permission android:name="android.permission.CHANGE_WIFI_STATE" /> <!-- premissions for ya.map.kit -->
24-->[ru.yandex:yandexmapkit:2.5.4] AndroidManifest.xml:21:5-76
24-->[ru.yandex:yandexmapkit:2.5.4] AndroidManifest.xml:21:22-73
25    <!-- <uses-permission android:name="android.permission.INTERNET" /> -->
26    <!-- <uses-permission android:name="android.permission.ACCESS_FINE_LOCATION" /> -->
27    <!-- <uses-permission android:name="android.permission.WRITE_EXTERNAL_STORAGE" /> -->
28    <!-- <uses-permission android:name="android.permission.ACCESS_NETWORK_STATE" /> -->
29    <!-- <uses-permission android:name="android.permission.ACCESS_COARSE_LOCATION" /> -->
30    <!-- <uses-permission android:name="android.permission.ACCESS_WIFI_STATE" /> -->
31    <!-- <uses-permission android:name="android.permission.CHANGE_WIFI_STATE" /> -->
32    <!-- <uses-permission android:name="android.permission.READ_PHONE_STATE" /> -->
33    <!-- <uses-permission android:name="android.permission.VIBRATE" /> -->
34    <!--
35uses-permission android:name="android.permission.WRITE_SETTINGS" />
36	<uses-permission android:name="android.permission.WRITE_SECURE_SETTINGS" /
37    -->
38    <application
38-->src/main/AndroidManifest.xml:27:5-43:19
39        android:allowBackup="true"
39-->src/main/AndroidManifest.xml:28:9-35
40        android:debuggable="true"
41        android:icon="@drawable/ic_launcher"
41-->src/main/AndroidManifest.xml:29:9-45
42        android:label="@string/app_name"
42-->src/main/AndroidManifest.xml:30:9-41
43        android:testOnly="true"
44        android:theme="@style/AppTheme" >
44-->src/main/AndroidManifest.xml:31:9-40
45        <activity
45-->src/main/AndroidManifest.xml:32:9-40:20
46            android:name="ru.konsoft.gsmtester.GSMinfo"
46-->src/main/AndroidManifest.xml:33:13-36
47            android:label="@string/app_name" >
47-->src/main/AndroidManifest.xml:34:13-45
48            <intent-filter>
48-->src/main/AndroidManifest.xml:35:13-39:29
49                <action android:name="android.intent.action.MAIN" />
49-->src/main/AndroidManifest.xml:36:17-69
49-->src/main/AndroidManifest.xml:36:25-66
50
51                <category android:name="android.intent.category.LAUNCHER" />
51-->src/main/AndroidManifest.xml:38:17-77
51-->src/main/AndroidManifest.xml:38:27-74
52            </intent-filter>
53        </activity>
54
55        <service android:name="ru.konsoft.gsmtester.GSMservice" />
55-->src/main/AndroidManifest.xml:42:3-41
55-->src/main/AndroidManifest.xml:42:12-38
56    </application>
57
58</manifest>